# JRE version: OpenJDK Runtime Environment Temurin-21.0.10+7 (21.0.10+7) (build 21.0.10+7-LTS)
# Java VM: OpenJDK 64-Bit Server VM Temurin-21.0.10+7 (21.0.10+7-LTS, mixed mode, sharing, tiered, compressed oops, compressed class ptrs, parallel gc, windows-amd64)
GC Precious Log:
 CardTable entry size: 512
 CPUs: 12 total, 12 available
 Memory: 7876M
 Large Page Support: Disabled
 NUMA Support: Disabled
 Compressed Oops: Enabled (32-bit)
 Alignments: Space 512K, Generation 512K, Heap 2M
 Heap Min Capacity: 100M
 Heap Initial Capacity: 100M
 Heap Max Capacity: 2G
 Pre-touch: Disabled
 Parallel Workers: 10
Heap:
 PSYoungGen      total 7168K, used 5999K [0x00000000d5580000, 0x00000000d5f80000, 0x0000000100000000)
  eden space 5632K, 85% used [0x00000000d5580000,0x00000000d5a35d38,0x00000000d5b00000)
  from space 1536K, 77% used [0x00000000d5b00000,0x00000000d5c289e0,0x00000000d5c80000)
  to   space 1536K, 0% used [0x00000000d5e00000,0x00000000d5e00000,0x00000000d5f80000)
 ParOldGen       total 1206784K, used 1206684K [0x0000000080000000, 0x00000000c9a80000, 0x00000000d5580000)
  object space 1206784K, 99% used [0x0000000080000000,0x00000000c9a67390,0x00000000c9a80000)
 Metaspace       used 79522K, committed 81280K, reserved 1179648K
  class space    used 8303K, committed 9088K, reserved 1048576K
GC Heap History (20 events):
Event: 209.946 GC heap after
{Heap after GC invocations=2281 (full 3):
 PSYoungGen      total 5120K, used 1920K [0x00000000d5580000, 0x00000000d5f00000, 0x0000000100000000)
  eden space 3072K, 0% used [0x00000000d5580000,0x00000000d5580000,0x00000000d5880000)
  from space 2048K, 93% used [0x00000000d5d00000,0x00000000d5ee0000,0x00000000d5f00000)
  to   space 3072K, 0% used [0x00000000d5900000,0x00000000d5900000,0x00000000d5c00000)
 ParOldGen       total 1142272K, used 1141891K [0x0000000080000000, 0x00000000c5b80000, 0x00000000d5580000)
  object space 1142272K, 99% used [0x0000000080000000,0x00000000c5b20f48,0x00000000c5b80000)
 Metaspace       used 76900K, committed 78464K, reserved 1179648K
  class space    used 8041K, committed 8704K, reserved 1048576K
}
Event: 210.144 GC heap before
{Heap before GC invocations=2282 (full 3):
 PSYoungGen      total 5120K, used 4991K [0x00000000d5580000, 0x00000000d5f00000, 0x0000000100000000)
  eden space 3072K, 99% used [0x00000000d5580000,0x00000000d587ffe8,0x00000000d5880000)
  from space 2048K, 93% used [0x00000000d5d00000,0x00000000d5ee0000,0x00000000d5f00000)
  to   space 3072K, 0% used [0x00000000d5900000,0x00000000d5900000,0x00000000d5c00000)
 ParOldGen       total 1142272K, used 1141891K [0x0000000080000000, 0x00000000c5b80000, 0x00000000d5580000)
  object space 1142272K, 99% used [0x0000000080000000,0x00000000c5b20f48,0x00000000c5b80000)
 Metaspace       used 77071K, committed 78592K, reserved 1179648K
  class space    used 8055K, committed 8704K, reserved 1048576K
}
Event: 210.153 GC heap after
{Heap after GC invocations=2282 (full 3):
 PSYoungGen      total 6656K, used 448K [0x00000000d5580000, 0x00000000d5d80000, 0x0000000100000000)
  eden space 3584K, 0% used [0x00000000d5580000,0x00000000d5580000,0x00000000d5900000)
  from space 3072K, 14% used [0x00000000d5900000,0x00000000d5970030,0x00000000d5c00000)
  to   space 1536K, 0% used [0x00000000d5c00000,0x00000000d5c00000,0x00000000d5d80000)
 ParOldGen       total 1143808K, used 1143729K [0x0000000080000000, 0x00000000c5d00000, 0x00000000d5580000)
  object space 1143808K, 99% used [0x0000000080000000,0x00000000c5cec7c8,0x00000000c5d00000)
 Metaspace       used 77071K, committed 78592K, reserved 1179648K
  class space    used 8055K, committed 8704K, reserved 1048576K
}
Event: 210.412 GC heap before
{Heap before GC invocations=2283 (full 3):
 PSYoungGen      total 6656K, used 3991K [0x00000000d5580000, 0x00000000d5d80000, 0x0000000100000000)
  eden space 3584K, 98% used [0x00000000d5580000,0x00000000d58f5cd8,0x00000000d5900000)
  from space 3072K, 14% used [0x00000000d5900000,0x00000000d5970030,0x00000000d5c00000)
  to   space 1536K, 0% used [0x00000000d5c00000,0x00000000d5c00000,0x00000000d5d80000)
 ParOldGen       total 1143808K, used 1143729K [0x0000000080000000, 0x00000000c5d00000, 0x00000000d5580000)
  object space 1143808K, 99% used [0x0000000080000000,0x00000000c5cec7c8,0x00000000c5d00000)
 Metaspace       used 77430K, committed 78976K, reserved 1179648K
  class space    used 8098K, committed 8768K, reserved 1048576K
}
Event: 210.420 GC heap after
{Heap after GC invocations=2283 (full 3):
 PSYoungGen      total 5120K, used 395K [0x00000000d5580000, 0x00000000d5c80000, 0x0000000100000000)
  eden space 4608K, 0% used [0x00000000d5580000,0x00000000d5580000,0x00000000d5a00000)
  from space 512K, 77% used [0x00000000d5c00000,0x00000000d5c62dc0,0x00000000d5c80000)
  to   space 1024K, 0% used [0x00000000d5a80000,0x00000000d5a80000,0x00000000d5b80000)
 ParOldGen       total 1144320K, used 1143961K [0x0000000080000000, 0x00000000c5d80000, 0x00000000d5580000)
  object space 1144320K, 99% used [0x0000000080000000,0x00000000c5d267e8,0x00000000c5d80000)
 Metaspace       used 77430K, committed 78976K, reserved 1179648K
  class space    used 8098K, committed 8768K, reserved 1048576K
}
Event: 210.689 GC heap before
{Heap before GC invocations=2284 (full 3):
 PSYoungGen      total 5120K, used 5003K [0x00000000d5580000, 0x00000000d5c80000, 0x0000000100000000)
  eden space 4608K, 100% used [0x00000000d5580000,0x00000000d5a00000,0x00000000d5a00000)
  from space 512K, 77% used [0x00000000d5c00000,0x00000000d5c62dc0,0x00000000d5c80000)
  to   space 1024K, 0% used [0x00000000d5a80000,0x00000000d5a80000,0x00000000d5b80000)
 ParOldGen       total 1144320K, used 1143961K [0x0000000080000000, 0x00000000c5d80000, 0x00000000d5580000)
  object space 1144320K, 99% used [0x0000000080000000,0x00000000c5d267e8,0x00000000c5d80000)
 Metaspace       used 78019K, committed 79552K, reserved 1179648K
  class space    used 8154K, committed 8832K, reserved 1048576K
}
Event: 210.698 GC heap after
{Heap after GC invocations=2284 (full 3):
 PSYoungGen      total 5632K, used 352K [0x00000000d5580000, 0x00000000d5c80000, 0x0000000100000000)
  eden space 4608K, 0% used [0x00000000d5580000,0x00000000d5580000,0x00000000d5a00000)
  from space 1024K, 34% used [0x00000000d5a80000,0x00000000d5ad8000,0x00000000d5b80000)
  to   space 512K, 0% used [0x00000000d5c00000,0x00000000d5c00000,0x00000000d5c80000)
 ParOldGen       total 1144320K, used 1144178K [0x0000000080000000, 0x00000000c5d80000, 0x00000000d5580000)
  object space 1144320K, 99% used [0x0000000080000000,0x00000000c5d5c8e8,0x00000000c5d80000)
 Metaspace       used 78019K, committed 79552K, reserved 1179648K
  class space    used 8154K, committed 8832K, reserved 1048576K
}
Event: 210.978 GC heap before
{Heap before GC invocations=2285 (full 3):
 PSYoungGen      total 5632K, used 4830K [0x00000000d5580000, 0x00000000d5c80000, 0x0000000100000000)
  eden space 4608K, 97% used [0x00000000d5580000,0x00000000d59dfba8,0x00000000d5a00000)
  from space 1024K, 34% used [0x00000000d5a80000,0x00000000d5ad8000,0x00000000d5b80000)
  to   space 512K, 0% used [0x00000000d5c00000,0x00000000d5c00000,0x00000000d5c80000)
 ParOldGen       total 1144320K, used 1144178K [0x0000000080000000, 0x00000000c5d80000, 0x00000000d5580000)
  object space 1144320K, 99% used [0x0000000080000000,0x00000000c5d5c8e8,0x00000000c5d80000)
 Metaspace       used 78278K, committed 80000K, reserved 1179648K
  class space    used 8181K, committed 8960K, reserved 1048576K
}
Event: 210.986 GC heap after
{Heap after GC invocations=2285 (full 3):
 PSYoungGen      total 5120K, used 493K [0x00000000d5580000, 0x00000000d5c80000, 0x0000000100000000)
  eden space 4608K, 0% used [0x00000000d5580000,0x00000000d5580000,0x00000000d5a00000)
  from space 512K, 96% used [0x00000000d5c00000,0x00000000d5c7b778,0x00000000d5c80000)
  to   space 1024K, 0% used [0x00000000d5a80000,0x00000000d5a80000,0x00000000d5b80000)
 ParOldGen       total 1145856K, used 1145676K [0x0000000080000000, 0x00000000c5f00000, 0x00000000d5580000)
  object space 1145856K, 99% used [0x0000000080000000,0x00000000c5ed31a0,0x00000000c5f00000)
 Metaspace       used 78278K, committed 80000K, reserved 1179648K
  class space    used 8181K, committed 8960K, reserved 1048576K
}
Event: 211.096 GC heap before
{Heap before GC invocations=2286 (full 3):
 PSYoungGen      total 5120K, used 5053K [0x00000000d5580000, 0x00000000d5c80000, 0x0000000100000000)
  eden space 4608K, 98% used [0x00000000d5580000,0x00000000d59f3cc8,0x00000000d5a00000)
  from space 512K, 96% used [0x00000000d5c00000,0x00000000d5c7b778,0x00000000d5c80000)
  to   space 1024K, 0% used [0x00000000d5a80000,0x00000000d5a80000,0x00000000d5b80000)
 ParOldGen       total 1145856K, used 1145676K [0x0000000080000000, 0x00000000c5f00000, 0x00000000d5580000)
  object space 1145856K, 99% used [0x0000000080000000,0x00000000c5ed31a0,0x00000000c5f00000)
 Metaspace       used 78504K, committed 80192K, reserved 1179648K
  class space    used 8209K, committed 8960K, reserved 1048576K
}
Event: 211.106 GC heap after
{Heap after GC invocations=2286 (full 3):
 PSYoungGen      total 5632K, used 675K [0x00000000d5580000, 0x00000000d5c80000, 0x0000000100000000)
  eden space 4608K, 0% used [0x00000000d5580000,0x00000000d5580000,0x00000000d5a00000)
  from space 1024K, 65% used [0x00000000d5a80000,0x00000000d5b28cc0,0x00000000d5b80000)
  to   space 1024K, 0% used [0x00000000d5b80000,0x00000000d5b80000,0x00000000d5c80000)
 ParOldGen       total 1147392K, used 1147243K [0x0000000080000000, 0x00000000c6080000, 0x00000000d5580000)
  object space 1147392K, 99% used [0x0000000080000000,0x00000000c605af40,0x00000000c6080000)
 Metaspace       used 78504K, committed 80192K, reserved 1179648K
  class space    used 8209K, committed 8960K, reserved 1048576K
}
Event: 211.194 GC heap before
{Heap before GC invocations=2287 (full 3):
 PSYoungGen      total 5632K, used 5282K [0x00000000d5580000, 0x00000000d5c80000, 0x0000000100000000)
  eden space 4608K, 99% used [0x00000000d5580000,0x00000000d59ffe58,0x00000000d5a00000)
  from space 1024K, 65% used [0x00000000d5a80000,0x00000000d5b28cc0,0x00000000d5b80000)
  to   space 1024K, 0% used [0x00000000d5b80000,0x00000000d5b80000,0x00000000d5c80000)
 ParOldGen       total 1147392K, used 1147243K [0x0000000080000000, 0x00000000c6080000, 0x00000000d5580000)
  object space 1147392K, 99% used [0x0000000080000000,0x00000000c605af40,0x00000000c6080000)
 Metaspace       used 78924K, committed 80704K, reserved 1179648K
  class space    used 8248K, committed 9024K, reserved 1048576K
}
Event: 211.200 GC heap after
{Heap after GC invocations=2287 (full 3):
 PSYoungGen      total 5632K, used 848K [0x00000000d5580000, 0x00000000d5c80000, 0x0000000100000000)
  eden space 4608K, 0% used [0x00000000d5580000,0x00000000d5580000,0x00000000d5a00000)
  from space 1024K, 82% used [0x00000000d5b80000,0x00000000d5c54068,0x00000000d5c80000)
  to   space 1024K, 0% used [0x00000000d5a80000,0x00000000d5a80000,0x00000000d5b80000)
 ParOldGen       total 1149440K, used 1149071K [0x0000000080000000, 0x00000000c6280000, 0x00000000d5580000)
  object space 1149440K, 99% used [0x0000000080000000,0x00000000c6223dd8,0x00000000c6280000)
 Metaspace       used 78924K, committed 80704K, reserved 1179648K
  class space    used 8248K, committed 9024K, reserved 1048576K
}
Event: 211.213 GC heap before
{Heap before GC invocations=2288 (full 3):
 PSYoungGen      total 5632K, used 3787K [0x00000000d5580000, 0x00000000d5c80000, 0x0000000100000000)
  eden space 4608K, 63% used [0x00000000d5580000,0x00000000d585edc0,0x00000000d5a00000)
  from space 1024K, 82% used [0x00000000d5b80000,0x00000000d5c54068,0x00000000d5c80000)
  to   space 1024K, 0% used [0x00000000d5a80000,0x00000000d5a80000,0x00000000d5b80000)
 ParOldGen       total 1149440K, used 1149071K [0x0000000080000000, 0x00000000c6280000, 0x00000000d5580000)
  object space 1149440K, 99% used [0x0000000080000000,0x00000000c6223dd8,0x00000000c6280000)
 Metaspace       used 79032K, committed 80768K, reserved 1179648K
  class space    used 8253K, committed 9024K, reserved 1048576K
}
Event: 211.220 GC heap after
{Heap after GC invocations=2288 (full 3):
 PSYoungGen      total 5120K, used 424K [0x00000000d5580000, 0x00000000d5c00000, 0x0000000100000000)
  eden space 4608K, 0% used [0x00000000d5580000,0x00000000d5580000,0x00000000d5a00000)
  from space 512K, 82% used [0x00000000d5a80000,0x00000000d5aea0d8,0x00000000d5b00000)
  to   space 1024K, 0% used [0x00000000d5b00000,0x00000000d5b00000,0x00000000d5c00000)
 ParOldGen       total 1151488K, used 1151350K [0x0000000080000000, 0x00000000c6480000, 0x00000000d5580000)
  object space 1151488K, 99% used [0x0000000080000000,0x00000000c645d950,0x00000000c6480000)
 Metaspace       used 79032K, committed 80768K, reserved 1179648K
  class space    used 8253K, committed 9024K, reserved 1048576K
}
Event: 211.347 GC heap before
{Heap before GC invocations=2289 (full 3):
 PSYoungGen      total 5120K, used 5032K [0x00000000d5580000, 0x00000000d5c00000, 0x0000000100000000)
  eden space 4608K, 100% used [0x00000000d5580000,0x00000000d5a00000,0x00000000d5a00000)
  from space 512K, 82% used [0x00000000d5a80000,0x00000000d5aea0d8,0x00000000d5b00000)
  to   space 1024K, 0% used [0x00000000d5b00000,0x00000000d5b00000,0x00000000d5c00000)
 ParOldGen       total 1178624K, used 1178160K [0x0000000080000000, 0x00000000c7f00000, 0x00000000d5580000)
  object space 1178624K, 99% used [0x0000000080000000,0x00000000c7e8c180,0x00000000c7f00000)
 Metaspace       used 79275K, committed 81088K, reserved 1179648K
  class space    used 8278K, committed 9088K, reserved 1048576K
}
Event: 211.354 GC heap after
{Heap after GC invocations=2289 (full 3):
 PSYoungGen      total 5632K, used 592K [0x00000000d5580000, 0x00000000d5c00000, 0x0000000100000000)
  eden space 4608K, 0% used [0x00000000d5580000,0x00000000d5580000,0x00000000d5a00000)
  from space 1024K, 57% used [0x00000000d5b00000,0x00000000d5b94030,0x00000000d5c00000)
  to   space 1024K, 0% used [0x00000000d5a00000,0x00000000d5a00000,0x00000000d5b00000)
 ParOldGen       total 1178624K, used 1178280K [0x0000000080000000, 0x00000000c7f00000, 0x00000000d5580000)
  object space 1178624K, 99% used [0x0000000080000000,0x00000000c7eaa1a0,0x00000000c7f00000)
 Metaspace       used 79275K, committed 81088K, reserved 1179648K
  class space    used 8278K, committed 9088K, reserved 1048576K
}
Event: 211.482 GC heap before
{Heap before GC invocations=2290 (full 3):
 PSYoungGen      total 5632K, used 5200K [0x00000000d5580000, 0x00000000d5c00000, 0x0000000100000000)
  eden space 4608K, 100% used [0x00000000d5580000,0x00000000d5a00000,0x00000000d5a00000)
  from space 1024K, 57% used [0x00000000d5b00000,0x00000000d5b94030,0x00000000d5c00000)
  to   space 1024K, 0% used [0x00000000d5a00000,0x00000000d5a00000,0x00000000d5b00000)
 ParOldGen       total 1201152K, used 1200299K [0x0000000080000000, 0x00000000c9500000, 0x00000000d5580000)
  object space 1201152K, 99% used [0x0000000080000000,0x00000000c942ace0,0x00000000c9500000)
 Metaspace       used 79450K, committed 81216K, reserved 1179648K
  class space    used 8297K, committed 9088K, reserved 1048576K
}
Event: 211.488 GC heap after
{Heap after GC invocations=2290 (full 3):
 PSYoungGen      total 5632K, used 634K [0x00000000d5580000, 0x00000000d5c00000, 0x0000000100000000)
  eden space 4608K, 0% used [0x00000000d5580000,0x00000000d5580000,0x00000000d5a00000)
  from space 1024K, 61% used [0x00000000d5a00000,0x00000000d5a9e900,0x00000000d5b00000)
  to   space 1024K, 0% used [0x00000000d5b00000,0x00000000d5b00000,0x00000000d5c00000)
 ParOldGen       total 1201152K, used 1200711K [0x0000000080000000, 0x00000000c9500000, 0x00000000d5580000)
  object space 1201152K, 99% used [0x0000000080000000,0x00000000c9491db8,0x00000000c9500000)
 Metaspace       used 79450K, committed 81216K, reserved 1179648K
  class space    used 8297K, committed 9088K, reserved 1048576K
}
Event: 211.561 GC heap before
{Heap before GC invocations=2291 (full 3):
 PSYoungGen      total 5632K, used 5242K [0x00000000d5580000, 0x00000000d5c00000, 0x0000000100000000)
  eden space 4608K, 100% used [0x00000000d5580000,0x00000000d5a00000,0x00000000d5a00000)
  from space 1024K, 61% used [0x00000000d5a00000,0x00000000d5a9e900,0x00000000d5b00000)
  to   space 1024K, 0% used [0x00000000d5b00000,0x00000000d5b00000,0x00000000d5c00000)
 ParOldGen       total 1201152K, used 1200711K [0x0000000080000000, 0x00000000c9500000, 0x00000000d5580000)
  object space 1201152K, 99% used [0x0000000080000000,0x00000000c9491db8,0x00000000c9500000)
 Metaspace       used 79474K, committed 81216K, reserved 1179648K
  class space    used 8299K, committed 9088K, reserved 1048576K
}

