<?xml version="1.0" encoding="UTF-8"?>
<testsuite xmlns:xsi="http://www.w3.org/2001/XMLSchema-instance" xsi:noNamespaceSchemaLocation="https://maven.apache.org/surefire/maven-surefire-plugin/xsd/surefire-test-report-3.0.xsd" version="3.0" name="com.planbook.user.UserServiceIntegrationTest" time="6.123" tests="6" errors="0" skipped="0" failures="0">
  <properties>
[...]
</properties>
  <testcase name="testDeactivateUser" classname="com.planbook.user.UserServiceIntegrationTest" time="0.765">
    <system-out><![CDATA[02:14:17.476 [main] INFO org.springframework.test.context.support.AnnotationConfigContextLoaderUtils -- Could not detect default configuration classes for test class [com.planbook.user.UserServiceIntegrationTest]: UserServiceIntegrationTest does not declare any static, non-private, non-final, nested classes annotated with @Configuration.
02:14:17.577 [main] INFO org.springframework.boot.test.context.SpringBootTestContextBootstrapper -- Found @SpringBootConfiguration com.planbook.user.UserServiceApplication for test class com.planbook.user.UserServiceIntegrationTest

  .   ____          _            __ _ _
 /\\ / ___'_ __ _ _(_)_ __  __ _ \ \ \ \
( ( )\___ | '_ | '_| | '_ \/ _` | \ \ \ \
 \\/  ___)| |_)| | | | | || (_| |  ) ) ) )
  '  |____| .__|_| |_|_| |_\__, | / / / /
 =========|_|==============|___/=/_/_/_/
 :: Spring Boot ::                (v3.2.3)

2026-04-10T02:14:17.884+07:00  INFO 3516 --- [user-service] [           main] c.p.user.UserServiceIntegrationTest      : Starting UserServiceIntegrationTest using Java 25.0.1 with PID 3516 (started by 5PRO in D:\XDOPP\planbook-ai\user-service)
2026-04-10T02:14:17.884+07:00 DEBUG 3516 --- [user-service] [           main] c.p.user.UserServiceIntegrationTest      : Running with Spring Boot v3.2.3, Spring v6.1.4
2026-04-10T02:14:17.884+07:00  INFO 3516 --- [user-service] [           main] c.p.user.UserServiceIntegrationTest      : The following 1 profile is active: "test"
2026-04-10T02:14:18.720+07:00  INFO 3516 --- [user-service] [           main] .s.d.r.c.RepositoryConfigurationDelegate : Multiple Spring Data modules found, entering strict repository configuration mode
2026-04-10T02:14:18.722+07:00  INFO 3516 --- [user-service] [           main] .s.d.r.c.RepositoryConfigurationDelegate : Bootstrapping Spring Data JPA repositories in DEFAULT mode.
2026-04-10T02:14:18.878+07:00  INFO 3516 --- [user-service] [           main] .s.d.r.c.RepositoryConfigurationDelegate : Finished Spring Data repository scanning in 145 ms. Found 1 JPA repository interface.
2026-04-10T02:14:18.891+07:00  INFO 3516 --- [user-service] [           main] .s.d.r.c.RepositoryConfigurationDelegate : Multiple Spring Data modules found, entering strict repository configuration mode
2026-04-10T02:14:18.892+07:00  INFO 3516 --- [user-service] [           main] .s.d.r.c.RepositoryConfigurationDelegate : Bootstrapping Spring Data Redis repositories in DEFAULT mode.
2026-04-10T02:14:18.909+07:00  INFO 3516 --- [user-service] [           main] .RepositoryConfigurationExtensionSupport : Spring Data Redis - Could not safely identify store assignment for repository candidate interface com.planbook.user.repository.UserProfileRepository; If you want this repository to be a Redis repository, consider annotating your entities with one of these annotations: org.springframework.data.redis.core.RedisHash (preferred), or consider extending one of the following types with your repository: org.springframework.data.keyvalue.repository.KeyValueRepository
2026-04-10T02:14:18.910+07:00  INFO 3516 --- [user-service] [           main] .s.d.r.c.RepositoryConfigurationDelegate : Finished Spring Data repository scanning in 5 ms. Found 0 Redis repository interfaces.
2026-04-10T02:14:19.436+07:00  INFO 3516 --- [user-service] [           main] com.zaxxer.hikari.HikariDataSource       : HikariPool-1 - Starting...
2026-04-10T02:14:19.598+07:00  INFO 3516 --- [user-service] [           main] com.zaxxer.hikari.pool.HikariPool        : HikariPool-1 - Added connection conn0: url=jdbc:h2:mem:db_user_test user=SA
2026-04-10T02:14:19.599+07:00  INFO 3516 --- [user-service] [           main] com.zaxxer.hikari.HikariDataSource       : HikariPool-1 - Start completed.
2026-04-10T02:14:19.710+07:00  INFO 3516 --- [user-service] [           main] o.hibernate.jpa.internal.util.LogHelper  : HHH000204: Processing PersistenceUnitInfo [name: default]
2026-04-10T02:14:19.775+07:00  INFO 3516 --- [user-service] [           main] org.hibernate.Version                    : HHH000412: Hibernate ORM core version 6.4.4.Final
2026-04-10T02:14:19.815+07:00  INFO 3516 --- [user-service] [           main] o.h.c.internal.RegionFactoryInitiator    : HHH000026: Second-level cache disabled
2026-04-10T02:14:20.043+07:00  INFO 3516 --- [user-service] [           main] o.s.o.j.p.SpringPersistenceUnitInfo      : No LoadTimeWeaver setup: ignoring JPA class transformer
2026-04-10T02:14:20.090+07:00  WARN 3516 --- [user-service] [           main] org.hibernate.dialect.Dialect            : HHH000511: The 2.2.0 version for [org.hibernate.dialect.MySQLDialect] is no longer supported, hence certain features may not work properly. The minimum supported version is 8.0.0. Check the community dialects project for available legacy versions.
2026-04-10T02:14:20.094+07:00  WARN 3516 --- [user-service] [           main] org.hibernate.orm.deprecation            : HHH90000025: MySQLDialect does not need to be specified explicitly using 'hibernate.dialect' (remove the property setting and it will be selected by default)
2026-04-10T02:14:20.675+07:00  INFO 3516 --- [user-service] [           main] o.h.e.t.j.p.i.JtaPlatformInitiator       : HHH000489: No JTA platform available (set 'hibernate.transaction.jta.platform' to enable JTA platform integration)
2026-04-10T02:14:20.677+07:00  INFO 3516 --- [user-service] [           main] j.LocalContainerEntityManagerFactoryBean : Initialized JPA EntityManagerFactory for persistence unit 'default'
2026-04-10T02:14:21.411+07:00  WARN 3516 --- [user-service] [           main] JpaBaseConfiguration$JpaWebConfiguration : spring.jpa.open-in-view is enabled by default. Therefore, database queries may be performed during view rendering. Explicitly configure spring.jpa.open-in-view to disable this warning
2026-04-10T02:14:21.436+07:00  WARN 3516 --- [user-service] [           main] .s.s.UserDetailsServiceAutoConfiguration : 

Using generated security password: 090ddc5c-547c-4c5c-a13a-00c1ea8d9938

This generated password is for development use only. Your security configuration must be updated before running your application in production.

2026-04-10T02:14:21.833+07:00  INFO 3516 --- [user-service] [           main] o.s.b.a.e.web.EndpointLinksResolver      : Exposing 2 endpoint(s) beneath base path '/actuator'
2026-04-10T02:14:21.898+07:00  INFO 3516 --- [user-service] [           main] o.s.s.web.DefaultSecurityFilterChain     : Will secure any request with [org.springframework.security.web.session.DisableEncodeUrlFilter@1f9009d3, org.springframework.security.web.context.request.async.WebAsyncManagerIntegrationFilter@4c9ed40, org.springframework.security.web.context.SecurityContextHolderFilter@7dbe9654, org.springframework.security.web.header.HeaderWriterFilter@25e01756, org.springframework.web.filter.CorsFilter@56394880, org.springframework.security.web.authentication.logout.LogoutFilter@7d7f49f3, com.planbook.user.security.JwtAuthFilter@2dedde74, org.springframework.security.web.savedrequest.RequestCacheAwareFilter@2d7fe300, org.springframework.security.web.servletapi.SecurityContextHolderAwareRequestFilter@50dfceff, org.springframework.security.web.authentication.AnonymousAuthenticationFilter@23c3f787, org.springframework.security.web.session.SessionManagementFilter@5d3b0f8a, org.springframework.security.web.access.ExceptionTranslationFilter@98dc042, org.springframework.security.web.access.intercept.AuthorizationFilter@14432052]
2026-04-10T02:14:22.381+07:00  INFO 3516 --- [user-service] [           main] o.s.b.a.h2.H2ConsoleAutoConfiguration    : H2 console available at '/h2-console'. Database available at 'jdbc:h2:mem:db_user_test'
2026-04-10T02:14:22.475+07:00  INFO 3516 --- [user-service] [           main] c.p.user.UserServiceIntegrationTest      : Started UserServiceIntegrationTest in 4.797 seconds (process running for 5.631)
2026-04-10T02:14:23.280+07:00  INFO 3516 --- [user-service] [           main] c.p.user.security.TokenBlacklistService  : User 3 blacklisted in Redis
2026-04-10T02:14:23.280+07:00  INFO 3516 --- [user-service] [           main] com.planbook.user.service.UserService    : User 3 deactivated and blacklisted
]]></system-out>
    <system-err><![CDATA[WARNING: A Java agent has been loaded dynamically (C:\Users\5PRO\.m2\repository\net\bytebuddy\byte-buddy-agent\1.14.12\byte-buddy-agent-1.14.12.jar)
WARNING: If a serviceability tool is in use, please run with -XX:+EnableDynamicAgentLoading to hide this warning
WARNING: If a serviceability tool is not in use, please run with -Djdk.instrument.traceUsage for more information
WARNING: Dynamic loading of agents will be disallowed by default in a future release
]]></system-err>
  </testcase>
  <testcase name="testGetProfileNotFound" classname="com.planbook.user.UserServiceIntegrationTest" time="0.008"/>
  <testcase name="testActivateUser" classname="com.planbook.user.UserServiceIntegrationTest" time="0.011">
    <system-out><![CDATA[2026-04-10T02:14:23.348+07:00  INFO 3516 --- [user-service] [           main] c.p.user.security.TokenBlacklistService  : User 4 removed from blacklist
2026-04-10T02:14:23.348+07:00  INFO 3516 --- [user-service] [           main] com.planbook.user.service.UserService    : User 4 activated and removed from blacklist
]]></system-out>
  </testcase>
  <testcase name="testGetProfile" classname="com.planbook.user.UserServiceIntegrationTest" time="0.011"/>
  <testcase name="testUpdateProfile" classname="com.planbook.user.UserServiceIntegrationTest" time="0.007"/>
  <testcase name="testFindByEmail" classname="com.planbook.user.UserServiceIntegrationTest" time="0.099"/>
</testsuite>