# JRE version: OpenJDK Runtime Environment Temurin-21.0.10+7 (21.0.10+7) (build 21.0.10+7-LTS)
# Java VM: OpenJDK 64-Bit Server VM Temurin-21.0.10+7 (21.0.10+7-LTS, mixed mode, sharing, tiered, compressed oops, compressed class ptrs, g1 gc, windows-amd64)
GC Precious Log:
 CardTable entry size: 512
 Card Set container configuration: InlinePtr #cards 5 size 8 Array Of Cards #cards 12 size 40 Howl #buckets 4 coarsen threshold 1843 Howl Bitmap #cards 512 size 80 coarsen threshold 460 Card regions per heap region 1 cards per card region 2048
 CPUs: 12 total, 12 available
 Memory: 7876M
 Large Page Support: Disabled
 NUMA Support: Disabled
 Compressed Oops: Enabled (32-bit)
 Heap Region Size: 1M
 Heap Min Capacity: 8M
 Heap Initial Capacity: 124M
 Heap Max Capacity: 1970M
 Pre-touch: Disabled
 Parallel Workers: 10
 Concurrent Workers: 3
 Concurrent Refinement Workers: 10
 Periodic GC: Disabled
Heap:
 garbage-first heap   total 128000K, used 43520K [0x0000000084e00000, 0x0000000100000000)
  region size 1024K, 3 young (3072K), 3 survivors (3072K)
 Metaspace       used 28401K, committed 28736K, reserved 1114112K
  class space    used 3243K, committed 3392K, reserved 1048576K
GC Heap History (17 events):
Event: 0.516 GC heap before
{Heap before GC invocations=0 (full 0):
 garbage-first heap   total 126976K, used 23552K [0x0000000084e00000, 0x0000000100000000)
  region size 1024K, 23 young (23552K), 0 survivors (0K)
 Metaspace       used 5674K, committed 5888K, reserved 1114112K
  class space    used 675K, committed 768K, reserved 1048576K
}
Event: 0.523 GC heap after
{Heap after GC invocations=1 (full 0):
 garbage-first heap   total 126976K, used 3712K [0x0000000084e00000, 0x0000000100000000)
  region size 1024K, 3 young (3072K), 3 survivors (3072K)
 Metaspace       used 5674K, committed 5888K, reserved 1114112K
  class space    used 675K, committed 768K, reserved 1048576K
}
Event: 1.082 GC heap before
{Heap before GC invocations=1 (full 0):
 garbage-first heap   total 126976K, used 34432K [0x0000000084e00000, 0x0000000100000000)
  region size 1024K, 34 young (34816K), 3 survivors (3072K)
 Metaspace       used 10028K, committed 10176K, reserved 1114112K
  class space    used 1213K, committed 1280K, reserved 1048576K
}
Event: 1.089 GC heap after
{Heap after GC invocations=2 (full 0):
 garbage-first heap   total 126976K, used 5641K [0x0000000084e00000, 0x0000000100000000)
  region size 1024K, 2 young (2048K), 2 survivors (2048K)
 Metaspace       used 10028K, committed 10176K, reserved 1114112K
  class space    used 1213K, committed 1280K, reserved 1048576K
}
Event: 2.382 GC heap before
{Heap before GC invocations=2 (full 0):
 garbage-first heap   total 126976K, used 79369K [0x0000000084e00000, 0x0000000100000000)
  region size 1024K, 74 young (75776K), 2 survivors (2048K)
 Metaspace       used 16010K, committed 16192K, reserved 1114112K
  class space    used 1900K, committed 1984K, reserved 1048576K
}
Event: 2.404 GC heap after
{Heap after GC invocations=3 (full 0):
 garbage-first heap   total 126976K, used 13522K [0x0000000084e00000, 0x0000000100000000)
  region size 1024K, 10 young (10240K), 10 survivors (10240K)
 Metaspace       used 16010K, committed 16192K, reserved 1114112K
  class space    used 1900K, committed 1984K, reserved 1048576K
}
Event: 4.104 GC heap before
{Heap before GC invocations=3 (full 0):
 garbage-first heap   total 126976K, used 79058K [0x0000000084e00000, 0x0000000100000000)
  region size 1024K, 74 young (75776K), 10 survivors (10240K)
 Metaspace       used 16771K, committed 17024K, reserved 1114112K
  class space    used 1935K, committed 2048K, reserved 1048576K
}
Event: 4.127 GC heap after
{Heap after GC invocations=4 (full 0):
 garbage-first heap   total 126976K, used 15360K [0x0000000084e00000, 0x0000000100000000)
  region size 1024K, 3 young (3072K), 3 survivors (3072K)
 Metaspace       used 16771K, committed 17024K, reserved 1114112K
  class space    used 1935K, committed 2048K, reserved 1048576K
}
Event: 4.367 GC heap before
{Heap before GC invocations=4 (full 0):
 garbage-first heap   total 126976K, used 60416K [0x0000000084e00000, 0x0000000100000000)
  region size 1024K, 8 young (8192K), 3 survivors (3072K)
 Metaspace       used 17643K, committed 17920K, reserved 1114112K
  class space    used 2041K, committed 2176K, reserved 1048576K
}
Event: 4.375 GC heap after
{Heap after GC invocations=5 (full 0):
 garbage-first heap   total 152576K, used 24321K [0x0000000084e00000, 0x0000000100000000)
  region size 1024K, 4 young (4096K), 4 survivors (4096K)
 Metaspace       used 17643K, committed 17920K, reserved 1114112K
  class space    used 2041K, committed 2176K, reserved 1048576K
}
Event: 5.440 GC heap before
{Heap before GC invocations=5 (full 0):
 garbage-first heap   total 152576K, used 86785K [0x0000000084e00000, 0x0000000100000000)
  region size 1024K, 37 young (37888K), 4 survivors (4096K)
 Metaspace       used 21126K, committed 21504K, reserved 1114112K
  class space    used 2478K, committed 2688K, reserved 1048576K
}
Event: 5.453 GC heap after
{Heap after GC invocations=6 (full 0):
 garbage-first heap   total 152576K, used 25510K [0x0000000084e00000, 0x0000000100000000)
  region size 1024K, 9 young (9216K), 9 survivors (9216K)
 Metaspace       used 21126K, committed 21504K, reserved 1114112K
  class space    used 2478K, committed 2688K, reserved 1048576K
}
Event: 7.616 GC heap before
{Heap before GC invocations=7 (full 0):
 garbage-first heap   total 86016K, used 85926K [0x0000000084e00000, 0x0000000100000000)
  region size 1024K, 67 young (68608K), 9 survivors (9216K)
 Metaspace       used 26689K, committed 27008K, reserved 1114112K
  class space    used 3078K, committed 3200K, reserved 1048576K
}
Event: 8.674 GC heap after
{Heap after GC invocations=8 (full 0):
 garbage-first heap   total 110592K, used 39424K [0x0000000084e00000, 0x0000000100000000)
  region size 1024K, 12 young (12288K), 12 survivors (12288K)
 Metaspace       used 26689K, committed 27008K, reserved 1114112K
  class space    used 3078K, committed 3200K, reserved 1048576K
}
Event: 8.692 GC heap before
{Heap before GC invocations=8 (full 0):
 garbage-first heap   total 110592K, used 40448K [0x0000000084e00000, 0x0000000100000000)
  region size 1024K, 13 young (13312K), 12 survivors (12288K)
 Metaspace       used 26719K, committed 27008K, reserved 1114112K
  class space    used 3078K, committed 3200K, reserved 1048576K
}
Event: 8.711 GC heap after
{Heap after GC invocations=9 (full 0):
 garbage-first heap   total 110592K, used 40448K [0x0000000084e00000, 0x0000000100000000)
  region size 1024K, 1 young (1024K), 1 survivors (1024K)
 Metaspace       used 26719K, committed 27008K, reserved 1114112K
  class space    used 3078K, committed 3200K, reserved 1048576K
}
Event: 9.660 GC heap before
{Heap before GC invocations=9 (full 0):
 garbage-first heap   total 110592K, used 74240K [0x0000000084e00000, 0x0000000100000000)
  region size 1024K, 34 young (34816K), 1 survivors (1024K)
 Metaspace       used 28401K, committed 28736K, reserved 1114112K
  class space    used 3243K, committed 3392K, reserved 1048576K
}

