# JRE version: OpenJDK Runtime Environment Temurin-21.0.10+7 (21.0.10+7) (build 21.0.10+7-LTS)
# Java VM: OpenJDK 64-Bit Server VM Temurin-21.0.10+7 (21.0.10+7-LTS, mixed mode, sharing, tiered, compressed oops, compressed class ptrs, g1 gc, windows-amd64)
GC Precious Log:
 CardTable entry size: 512
 Card Set container configuration: InlinePtr #cards 5 size 8 Array Of Cards #cards 12 size 40 Howl #buckets 4 coarsen threshold 1843 Howl Bitmap #cards 512 size 80 coarsen threshold 460 Card regions per heap region 1 cards per card region 2048
 CPUs: 12 total, 12 available
 Memory: 7876M
 Large Page Support: Disabled
 NUMA Support: Disabled
 Compressed Oops: Enabled (32-bit)
 Heap Region Size: 1M
 Heap Min Capacity: 8M
 Heap Initial Capacity: 124M
 Heap Max Capacity: 1970M
 Pre-touch: Disabled
 Parallel Workers: 10
 Concurrent Workers: 3
 Concurrent Refinement Workers: 10
 Periodic GC: Disabled
Heap:
 garbage-first heap   total 139264K, used 84313K [0x0000000084e00000, 0x0000000100000000)
  region size 1024K, 17 young (17408K), 2 survivors (2048K)
 Metaspace       used 34279K, committed 34816K, reserved 1114112K
  class space    used 3915K, committed 4160K, reserved 1048576K
GC Heap History (20 events):
Event: 1.155 GC heap before
{Heap before GC invocations=1 (full 0):
 garbage-first heap   total 126976K, used 34476K [0x0000000084e00000, 0x0000000100000000)
  region size 1024K, 34 young (34816K), 3 survivors (3072K)
 Metaspace       used 10001K, committed 10176K, reserved 1114112K
  class space    used 1216K, committed 1280K, reserved 1048576K
}
Event: 1.163 GC heap after
{Heap after GC invocations=2 (full 0):
 garbage-first heap   total 126976K, used 5682K [0x0000000084e00000, 0x0000000100000000)
  region size 1024K, 2 young (2048K), 2 survivors (2048K)
 Metaspace       used 10001K, committed 10176K, reserved 1114112K
  class space    used 1216K, committed 1280K, reserved 1048576K
}
Event: 3.013 GC heap before
{Heap before GC invocations=2 (full 0):
 garbage-first heap   total 126976K, used 79410K [0x0000000084e00000, 0x0000000100000000)
  region size 1024K, 74 young (75776K), 2 survivors (2048K)
 Metaspace       used 15964K, committed 16192K, reserved 1114112K
  class space    used 1902K, committed 1984K, reserved 1048576K
}
Event: 3.039 GC heap after
{Heap after GC invocations=3 (full 0):
 garbage-first heap   total 126976K, used 13584K [0x0000000084e00000, 0x0000000100000000)
  region size 1024K, 10 young (10240K), 10 survivors (10240K)
 Metaspace       used 15964K, committed 16192K, reserved 1114112K
  class space    used 1902K, committed 1984K, reserved 1048576K
}
Event: 4.817 GC heap before
{Heap before GC invocations=3 (full 0):
 garbage-first heap   total 126976K, used 79120K [0x0000000084e00000, 0x0000000100000000)
  region size 1024K, 74 young (75776K), 10 survivors (10240K)
 Metaspace       used 16801K, committed 17024K, reserved 1114112K
  class space    used 1945K, committed 2048K, reserved 1048576K
}
Event: 4.841 GC heap after
{Heap after GC invocations=4 (full 0):
 garbage-first heap   total 126976K, used 15360K [0x0000000084e00000, 0x0000000100000000)
  region size 1024K, 3 young (3072K), 3 survivors (3072K)
 Metaspace       used 16801K, committed 17024K, reserved 1114112K
  class space    used 1945K, committed 2048K, reserved 1048576K
}
Event: 6.270 GC heap before
{Heap before GC invocations=4 (full 0):
 garbage-first heap   total 126976K, used 57344K [0x0000000084e00000, 0x0000000100000000)
  region size 1024K, 40 young (40960K), 3 survivors (3072K)
 Metaspace       used 21170K, committed 21504K, reserved 1114112K
  class space    used 2484K, committed 2624K, reserved 1048576K
}
Event: 6.282 GC heap after
{Heap after GC invocations=5 (full 0):
 garbage-first heap   total 152576K, used 25088K [0x0000000084e00000, 0x0000000100000000)
  region size 1024K, 9 young (9216K), 9 survivors (9216K)
 Metaspace       used 21170K, committed 21504K, reserved 1114112K
  class space    used 2484K, committed 2624K, reserved 1048576K
}
Event: 8.185 GC heap before
{Heap before GC invocations=6 (full 0):
 garbage-first heap   total 86016K, used 85504K [0x0000000084e00000, 0x0000000100000000)
  region size 1024K, 67 young (68608K), 9 survivors (9216K)
 Metaspace       used 26711K, committed 27072K, reserved 1114112K
  class space    used 3092K, committed 3264K, reserved 1048576K
}
Event: 8.229 GC heap after
{Heap after GC invocations=7 (full 0):
 garbage-first heap   total 110592K, used 39424K [0x0000000084e00000, 0x0000000100000000)
  region size 1024K, 12 young (12288K), 12 survivors (12288K)
 Metaspace       used 26711K, committed 27072K, reserved 1114112K
  class space    used 3092K, committed 3264K, reserved 1048576K
}
Event: 9.997 GC heap before
{Heap before GC invocations=7 (full 0):
 garbage-first heap   total 110592K, used 87552K [0x0000000084e00000, 0x0000000100000000)
  region size 1024K, 59 young (60416K), 12 survivors (12288K)
 Metaspace       used 29041K, committed 29376K, reserved 1114112K
  class space    used 3322K, committed 3456K, reserved 1048576K
}
Event: 10.041 GC heap after
{Heap after GC invocations=8 (full 0):
 garbage-first heap   total 110592K, used 44032K [0x0000000084e00000, 0x0000000100000000)
  region size 1024K, 4 young (4096K), 4 survivors (4096K)
 Metaspace       used 29041K, committed 29376K, reserved 1114112K
  class space    used 3322K, committed 3456K, reserved 1048576K
}
Event: 12.334 GC heap before
{Heap before GC invocations=8 (full 0):
 garbage-first heap   total 110592K, used 92160K [0x0000000084e00000, 0x0000000100000000)
  region size 1024K, 49 young (50176K), 4 survivors (4096K)
 Metaspace       used 31462K, committed 31936K, reserved 1114112K
  class space    used 3624K, committed 3840K, reserved 1048576K
}
Event: 12.351 GC heap after
{Heap after GC invocations=9 (full 0):
 garbage-first heap   total 110592K, used 47607K [0x0000000084e00000, 0x0000000100000000)
  region size 1024K, 6 young (6144K), 6 survivors (6144K)
 Metaspace       used 31462K, committed 31936K, reserved 1114112K
  class space    used 3624K, committed 3840K, reserved 1048576K
}
Event: 13.551 GC heap before
{Heap before GC invocations=9 (full 0):
 garbage-first heap   total 110592K, used 97783K [0x0000000084e00000, 0x0000000100000000)
  region size 1024K, 51 young (52224K), 6 survivors (6144K)
 Metaspace       used 31831K, committed 32320K, reserved 1114112K
  class space    used 3651K, committed 3904K, reserved 1048576K
}
Event: 13.576 GC heap after
{Heap after GC invocations=10 (full 0):
 garbage-first heap   total 115712K, used 62464K [0x0000000084e00000, 0x0000000100000000)
  region size 1024K, 7 young (7168K), 7 survivors (7168K)
 Metaspace       used 31831K, committed 32320K, reserved 1114112K
  class space    used 3651K, committed 3904K, reserved 1048576K
}
Event: 14.406 GC heap before
{Heap before GC invocations=10 (full 0):
 garbage-first heap   total 115712K, used 96256K [0x0000000084e00000, 0x0000000100000000)
  region size 1024K, 40 young (40960K), 7 survivors (7168K)
 Metaspace       used 32359K, committed 32896K, reserved 1114112K
  class space    used 3708K, committed 3968K, reserved 1048576K
}
Event: 14.426 GC heap after
{Heap after GC invocations=11 (full 0):
 garbage-first heap   total 139264K, used 70656K [0x0000000084e00000, 0x0000000100000000)
  region size 1024K, 5 young (5120K), 5 survivors (5120K)
 Metaspace       used 32359K, committed 32896K, reserved 1114112K
  class space    used 3708K, committed 3968K, reserved 1048576K
}
Event: 15.528 GC heap before
{Heap before GC invocations=12 (full 0):
 garbage-first heap   total 139264K, used 112640K [0x0000000084e00000, 0x0000000100000000)
  region size 1024K, 47 young (48128K), 5 survivors (5120K)
 Metaspace       used 33498K, committed 34048K, reserved 1114112K
  class space    used 3831K, committed 4096K, reserved 1048576K
}
Event: 15.532 GC heap after
{Heap after GC invocations=13 (full 0):
 garbage-first heap   total 139264K, used 68953K [0x0000000084e00000, 0x0000000100000000)
  region size 1024K, 2 young (2048K), 2 survivors (2048K)
 Metaspace       used 33498K, committed 34048K, reserved 1114112K
  class space    used 3831K, committed 4096K, reserved 1048576K
}

