# JRE version: OpenJDK Runtime Environment Temurin-21.0.10+7 (21.0.10+7) (build 21.0.10+7-LTS)
# Java VM: OpenJDK 64-Bit Server VM Temurin-21.0.10+7 (21.0.10+7-LTS, mixed mode, sharing, tiered, compressed oops, compressed class ptrs, g1 gc, windows-amd64)
GC Precious Log:
 CardTable entry size: 512
 Card Set container configuration: InlinePtr #cards 5 size 8 Array Of Cards #cards 12 size 40 Howl #buckets 4 coarsen threshold 1843 Howl Bitmap #cards 512 size 80 coarsen threshold 460 Card regions per heap region 1 cards per card region 2048
 CPUs: 12 total, 12 available
 Memory: 7876M
 Large Page Support: Disabled
 NUMA Support: Disabled
 Compressed Oops: Enabled (32-bit)
 Heap Region Size: 1M
 Heap Min Capacity: 8M
 Heap Initial Capacity: 124M
 Heap Max Capacity: 1970M
 Pre-touch: Disabled
 Parallel Workers: 10
 Concurrent Workers: 3
 Concurrent Refinement Workers: 10
 Periodic GC: Disabled
Heap:
 garbage-first heap   total 126976K, used 37119K [0x0000000084e00000, 0x0000000100000000)
  region size 1024K, 26 young (26624K), 4 survivors (4096K)
 Metaspace       used 19540K, committed 19840K, reserved 1114112K
  class space    used 2233K, committed 2368K, reserved 1048576K
GC Heap History (8 events):
Event: 0.517 GC heap before
{Heap before GC invocations=0 (full 0):
 garbage-first heap   total 126976K, used 23552K [0x0000000084e00000, 0x0000000100000000)
  region size 1024K, 23 young (23552K), 0 survivors (0K)
 Metaspace       used 5662K, committed 5888K, reserved 1114112K
  class space    used 675K, committed 768K, reserved 1048576K
}
Event: 0.527 GC heap after
{Heap after GC invocations=1 (full 0):
 garbage-first heap   total 126976K, used 3712K [0x0000000084e00000, 0x0000000100000000)
  region size 1024K, 3 young (3072K), 3 survivors (3072K)
 Metaspace       used 5662K, committed 5888K, reserved 1114112K
  class space    used 675K, committed 768K, reserved 1048576K
}
Event: 1.073 GC heap before
{Heap before GC invocations=1 (full 0):
 garbage-first heap   total 126976K, used 34432K [0x0000000084e00000, 0x0000000100000000)
  region size 1024K, 33 young (33792K), 3 survivors (3072K)
 Metaspace       used 9888K, committed 10112K, reserved 1114112K
  class space    used 1191K, committed 1280K, reserved 1048576K
}
Event: 1.081 GC heap after
{Heap after GC invocations=2 (full 0):
 garbage-first heap   total 126976K, used 5628K [0x0000000084e00000, 0x0000000100000000)
  region size 1024K, 2 young (2048K), 2 survivors (2048K)
 Metaspace       used 9888K, committed 10112K, reserved 1114112K
  class space    used 1191K, committed 1280K, reserved 1048576K
}
Event: 3.496 GC heap before
{Heap before GC invocations=2 (full 0):
 garbage-first heap   total 126976K, used 79356K [0x0000000084e00000, 0x0000000100000000)
  region size 1024K, 74 young (75776K), 2 survivors (2048K)
 Metaspace       used 16055K, committed 16320K, reserved 1114112K
  class space    used 1897K, committed 1984K, reserved 1048576K
}
Event: 3.534 GC heap after
{Heap after GC invocations=3 (full 0):
 garbage-first heap   total 126976K, used 13025K [0x0000000084e00000, 0x0000000100000000)
  region size 1024K, 9 young (9216K), 9 survivors (9216K)
 Metaspace       used 16055K, committed 16320K, reserved 1114112K
  class space    used 1897K, committed 1984K, reserved 1048576K
}
Event: 6.681 GC heap before
{Heap before GC invocations=3 (full 0):
 garbage-first heap   total 126976K, used 79585K [0x0000000084e00000, 0x0000000100000000)
  region size 1024K, 74 young (75776K), 9 survivors (9216K)
 Metaspace       used 17226K, committed 17536K, reserved 1114112K
  class space    used 2001K, committed 2176K, reserved 1048576K
}
Event: 6.699 GC heap after
{Heap after GC invocations=4 (full 0):
 garbage-first heap   total 126976K, used 15615K [0x0000000084e00000, 0x0000000100000000)
  region size 1024K, 4 young (4096K), 4 survivors (4096K)
 Metaspace       used 17226K, committed 17536K, reserved 1114112K
  class space    used 2001K, committed 2176K, reserved 1048576K
}

